Socket Created Sucessfully
Clinet Connected to Server
Greeting Message from Server: Nothing else matters!

Player Count (3 Players Group) Send to Server

### Game Info ###
PlayerCount: 3
GamePort: 10022
Number Of total Moves: 24
PlayerID: 1
PlayerSymbol: @
###

Game Socket Created Sucessfully
Bind Port to Game Socket Is Completed
## Game in Turn 0 ##

. . . .
       
. . . .
       
. . . .
       
. . . .

############## Game STARTED! ##############

Move(1211) Sent to Group

Waiting to get Move
Move Read From BroadCast: 1211

## Game in Turn 1 ##

. . . .
       
. . . .
       
. . . .
  @    
. . . .

Waiting to get Move
Move Read From BroadCast: 2200

## Game in Turn 2 ##

. . . .
       
. . . .
       
.#. . .
  @    
. . . .

Waiting to get Move
Move Read From BroadCast: 3300

## Game in Turn 3 ##

. . . .
       
. . . .
       
.#. . .
  @    
.$. . .

Move(1231) Sent to Group

Waiting to get Move
Move Read From BroadCast: 1231

## Game in Turn 4 ##

. . . .
       
. . . .
       
.#. . .
  @   @
.$. . .

Waiting to get Move
Move Read From BroadCast: 2020

## Game in Turn 5 ##

. . .#.
       
. . . .
       
.#. . .
  @   @
.$. . .

Waiting to get Move
Move Read From BroadCast: 3131

## Game in Turn 6 ##

. . .#.
       
. . . .
      $
.#. . .
  @   @
.$. . .

Move(1111) Sent to Group

Waiting to get Move
Move Read From BroadCast: 1111

## Game in Turn 7 ##

. . .#.
       
. . . .
  @   $
.#. . .
  @   @
.$. . .

Waiting to get Move
Move Read From BroadCast: 2310

## Game in Turn 8 ##

. . .#.
       
. . . .
  @   $
.#. . .
  @   @
.$.#. .

Waiting to get Move
Move Read From BroadCast: 3210

## Game in Turn 9 ##

. . .#.
       
. . . .
  @   $
.#.$. .
  @   @
.$.#. .

Move(1031) Sent to Group

Waiting to get Move
Move Read From BroadCast: 1031

## Game in Turn 10 ##

. . .#.
      @
. . . .
  @   $
.#.$. .
  @   @
.$.#. .

Waiting to get Move
Move Read From BroadCast: 2220

## Game in Turn 11 ##

. . .#.
      @
. . . .
  @   $
.#.$.#.
  @   @
.$.#. .

Waiting to get Move
Move Read From BroadCast: 3110

## Game in Turn 12 ##

. . .#.
      @
. .$. .
  @   $
.#.$.#.
  @   @
.$.#. .

Move(1010) Sent to Group

Waiting to get Move
Move Read From BroadCast: 1010

## Game in Turn 13 ##

. .@.#.
      @
. .$. .
  @   $
.#.$.#.
  @   @
.$.#. .

Waiting to get Move
Move Read From BroadCast: 2320

## Game in Turn 14 ##

. .@.#.
      @
. .$. .
  @   $
.#.$.#.
  @   @
.$.#.#.

Waiting to get Move
Move Read From BroadCast: 3101

## Game in Turn 15 ##

. .@.#.
      @
. .$. .
$ @   $
.#.$.#.
  @   @
.$.#.#.

Move(1000) Sent to Group

Waiting to get Move
Move Read From BroadCast: 1000

## Game in Turn 16 ##

.@.@.#.
      @
. .$. .
$ @   $
.#.$.#.
  @   @
.$.#.#.

Waiting to get Move
Move Read From BroadCast: 2221

## Game in Turn 17 ##

.@.@.#.
      @
. .$. .
$ @   $
.#.$.#.
  @2#2@
.$.#.#.

Waiting to get Move
Move Read From BroadCast: 2201

## Game in Turn 18 ##

.@.@.#.
      @
. .$. .
$ @   $
.#.$.#.
#2@2#2@
.$.#.#.

Waiting to get Move
Move Read From BroadCast: 2100

## Game in Turn 19 ##

.@.@.#.
      @
.#.$. .
$2@   $
.#.$.#.
#2@2#2@
.$.#.#.

Waiting to get Move
Move Read From BroadCast: 2120

## Game in Turn 20 ##

.@.@.#.
      @
.#.$.#.
$2@   $
.#.$.#.
#2@2#2@
.$.#.#.

Waiting to get Move
Move Read From BroadCast: 3121

## Game in Turn 21 ##

.@.@.#.
      @
.#.$.#.
$2@3$3$
.#.$.#.
#2@2#2@
.$.#.#.

Waiting to get Move
Move Read From BroadCast: 3001

## Game in Turn 22 ##

.@.@.#.
$     @
.#.$.#.
$2@3$3$
.#.$.#.
#2@2#2@
.$.#.#.

Move(1011) Sent to Group

Waiting to get Move
Move Read From BroadCast: 1011

## Game in Turn 23 ##

.@.@.#.
$1@   @
.#.$.#.
$2@3$3$
.#.$.#.
#2@2#2@
.$.#.#.

Move(1021) Sent to Group

Waiting to get Move
Move Read From BroadCast: 1021

## Game in Turn 24 ##

.@.@.#.
$1@1@1@
.#.$.#.
$2@3$3$
.#.$.#.
#2@2#2@
.$.#.#.

#################### Game Finished! ####################

Scores
Player 1: 3
Player 2: 4
Player 3: 2

*********** WINNER IS PLAYER 2 ***********